INFO:     127.0.0.1:52874 - "GET / HTTP/1.1" 200 OK
INFO:     127.0.0.1:52874 - "GET /favicon.ico HTTP/1.1" 404 Not Found
[矫正Agent] 正在加载FunASR识别模型（含标点矫正）...
funasr version: 1.3.12.
Downloading Model from https://www.modelscope.cn to directory: ./models\models\iic\speech_seaco_paraformer_large_asr_nat-zh-cn-16k-common-vocab8404-pytorch
Downloading Model from https://www.modelscope.cn to directory: ./models\models\iic\speech_fsmn_vad_zh-cn-16k-common-pytorch
Downloading Model from https://www.modelscope.cn to directory: ./models\models\iic\punc_ct-transformer_zh-cn-common-vocab272727-pytorch
[矫正Agent] 正在加载Whisper错字矫正模型...
[矫正Agent] Whisper矫正跳过：(MaxRetryError("HTTPSConnectionPool(host='hf-mirror.com', port=443): Max retries exceeded with url: /api/models/Systran/faster-whisper-small/revision/main (Caused by SSLError(SSLZeroReturnError(6, 'TLS/SSL connection has been closed (EOF) (_ssl.c:1147)')))"), '(Request ID: fee5a299-f2ab-4d32-a37c-85f1fad98453)')
[分段1] 基础识别完成

[矫正Agent] 原始识别文本：
继续，我刚才已经定位完了，还没有做文件，现在改命点PY保留原来的云端识别入口。但是在本地OCR登底时，改成多张，增强图轮识时识别的图片。

[矫正Agent] 正在调用大模型做终极文本矫正...
funasr version: 1.3.12.
INFO:     127.0.0.1:51474 - "POST /api/morning-reading-audio HTTP/1.1" 200 OK
[矫正Agent] 正在加载Whisper错字矫正模型...
[矫正Agent] Whisper矫正跳过：An error happened while trying to locate the file on the Hub and we cannot find the requested files in the local cache. Please check your connection and try again or make sure your Internet connection is on.
[分段1] 基础识别完成
[矫正Agent] 正在加载Whisper错字矫正模型...
[矫正Agent] Whisper矫正跳过：An error happened while trying to locate the file on the Hub and we cannot find the requested files in the local cache. Please check your connection and try again or make sure your Internet connection is on.
[分段2] 基础识别完成
[矫正Agent] 正在加载Whisper错字矫正模型...
[矫正Agent] Whisper矫正跳过：An error happened while trying to locate the file on the Hub and we cannot find the requested files in the local cache. Please check your connection and try again or make sure your Internet connection is on.
[分段3] 基础识别完成
[矫正Agent] 正在加载Whisper错字矫正模型...
[矫正Agent] Whisper矫正跳过：An error happened while trying to locate the file on the Hub and we cannot find the requested files in the local cache. Please check your connection and try again or make sure your Internet connection is on.
[分段4] 基础识别完成

[矫正Agent] 原始识别文本：
对于模心中心检价车和安全续约，以免列车人员避育。因为他这一内容绕步到移动飞车识别效目预报g使使NT直接接的超升。这个把影视一和传大小齿的执行一个残缺，边缘不包滑小整行的车车调调整行心一个停的直行车驶网成完成甲状腺超升或自动动个身顶出的节节调作，同时就是自动自算，直接面积自动车动自动动动调车停降低动车站停车车心注意力核心的特点在VN的等车的行行和到大。我们到一一年下午，二零一一届常汰广场贵州九市啊LCD这个国线，然后再走到二十二百二，本质反复猜词。为何这一步同时由码头党课程遮挡中的末尾词汇，让模型预测始终不能将误加，然后调整对抑制超声噪声睡家了。结果数十级比赛后，母亲还有大学老师，我一直都定要让大嘴他播型实现的完全没什么，我们去准备原则，垃圾性垃圾不可损织解决疫向加倍隐患。目前受伤数少，增负量的流度更多，更好的位置。是啊，如果回去加入职a的外国的东西啊，可以啊，如果那你直说的话，这就一条是这个的问题。那好好的课程显示，我国医疗AI使用规范整体质量流程，核心阶段，高层燃水锅浴缸压滤锅提罩头像DV加卫视，使数据和代然模范这个模型的通用与模板知识储备和在来码，把标注改进CEV下o现代的训练中程。这么多游戏的，今天请你吃饭吃饭，那你不说要吃药，夜也不吃，再有请是吧？我我觉现在做要求十二环电车攻机标准，内件环境信息标准嗯，系统我会看过第一个会看IT这个去零江是吧，怎么办呢？那二十九没有买到到啊，自己是呃呃三零零，你会行换这个行，对不对？刚还是想个过一晚上完就没告诉你的。因为改水后两年，然后他母亲说想拍照吗？啊，这里啥也不知道啊，变成化了。最后目前有个消息来说，我们家欢可欢威。嗯，第二楼不要准备了菠萝蜜，拜拜，我去看一下核心依赖物啊，来不来一个，现在还要不是为什么我我会来自英河。好的，我要面祝你们出现难过的这些。对，这不影响呃，采用公开免费摄礼集啊DG加公里加上去。好的，过啊嗯，这个服来源无理出风险，可能是在需要安安十五器人脸审批，图片全部为临床病史改证通线、超声、影像设备等消息场景牙始收复重点，超声刻有大量斑点，创风干扰模辑碎面无见图像所印碎片多余背景，部分图片无蝶结，画面皮肤需要清洗不除图像入输地区统一去脸复除分面，裁剪地面多余服用背景区域。三、到处理修三、边边播播照面面面无用疏疏肤高声运动，破坏微部见洗洁，不用清验，全部稍等放置影。二乘女儿超声道恢控时输入网络，在到图片发照物景，大大适示输复区面在多散模型处染。 代码主流程程。据发注流程，交通通录是打开拉录密，由中边形数据挑选，每一家属片都要打方线m四四二保存并行，随后进行加注条线进行转换到长后生四四二先行文件，三百十二条是规州野野马AMASPCC申程，直直接去报一手手机啊，以先顾位信信消息、长息信行随查程间随随进行行个手程程。据据随查查案案随医疗科息，加查微信审合工程，申行三百三料生查的证明五十五页，然后选每一家字化上路循环，嗯，选每一家加注曲限漂亮，都知道知道没有大家，我完全可以完全TWMINT提升小通道恢收放大性不要啊，稍等一下文北山肉全，谢谢。我下两说好好了，好写，谢谢飞机原始的二零一八的公是九点一编码加解码对称，结构结合感用文档结屏于二生成二零就可以融回来。来这个对的是乒乓球。这我你好，我我去重新训练，感觉可以自己筛选，会把敲声的放声敲成一并一些啊啊，做一微小时，这是怎么能这呀那个买到了，帮我等一下这边现在礼拜啊，我们俩之间相对来讲怎么看菜还不错。一那个东大AAM筛选图片和工作要看到了听到垃圾，我用到时候收到感受啊。二、空间注意力在络的AM定为五点钟。随接定到的十间位是到陌生重点关注师去一句话，访断对这个CBAA发网络驱动数业活络报道，即可聚焦世界通动改络信机通动改整改情方式式现改、改造、改未未来的改动，找到每一层校务研究书，这要用CBAA模转在在人个传的过中，为各个注意的三家之后，在设置上上改，接解网络络改小向商业人员，并成为打点中从业公司函数改程中，为什么不用普通交叉，让通a信息通动网络账目，使网络开通通中中改动下下的服务时道，部分分可有上素及多能抓到消失的模式，无脑学习背景，实现会业小明票。如果可有的不不标注出有查方案，几何观察，请明白的、狭小不全的，正不失误。二、上述检图没有什么的不标，上述正常轻微大度，调节产量高度报十，如任何症查采量查查查二，如果不查，如果强述严查导不到药率伤失，然后后性病查将不超出严理之报的，包括，而是的，二者相伤状法如了上行行查后特法调节码部分结果采量超后的小样等。然后二者的结不可以结合前核心免疫力和生成的记录中确定及CC的产型，把国内发生速度一步a微对微小直接发射，注意时可以出现生作原力核DAM进进输的原理核CAM设有两个部分，在a过注意力通道注意力及失CAM操作能力。国内特征通道加低能件放射时个部素二分的注意力。 Sam进入直现用物CCC的的三位体加摩生息，核现超出情况。 Cmsc注AM超生操作不动，出现超出噪声所增加注意力、核心眼疫力和实行改造出现生态的成注性况。 在每一种漂越演之中，超度十一比海纳开路者现场十半相钟。经过四位筛选之后，大深度上海量天猫网络改动场效果不是相下这个沙布尔损失不示，为什么不要使用加大的指数？在大现成快速通过这间子弹有大陆数然小的增了，但也没有大量的损失，为有大量的组失，其中炸大商数到十大大的度度。十、接忽略的评度，形中大略的数数，那可能有大数分损失。组合相下五组专门提升。这了前前和标签的成合度四倍，小目标分数第升到加低。简单背景样本权重聚焦南飞科的微小基金，以选分格三大评价的指标三十八块八到吧。今天在说的，我们让s到两个，那我们跟大区域来越越好了啊，成功啊越来越好，天上有。嗯，哎呦，第二局你好，没有这个家庭的，不是持有。好的，我知道包括那个好家好，两千三千多HD九五杭州啊头条我可能我要这个他能够把自己得不到羊肉，加了数值没打。就是啊月豹完车MAP五零，还是今年三十五，今年三十五t现在发单次都知道。然二看到了PS啊，配延时候啊，没有吗？你想择看到二零一下子，那要从这一周五回来吧，衡量意识到个信的的是他在吗？我又打电话MAPIOU三不要着急不行旅行，哎，何男何女被控制住，还还以以为发然分为好几个，说二点九九五五年是吧？都亲不爱的，在这呢也是二点九四，大家好，二零，所以说头疼对我跟车去了。是的很好很好，应该就好。然后参家嘉具以急啊，我们国家w点八十六来是地球五还是客，不做任务回疗不动做，知道了，我知道。所以这些恋人要做好，把这个背骨啊先发。嗯，我不听见谁啊？对我昨天推到什么训练完成后，模型对外景训练流程三百四十级一块电电视七扩大很多的机性知识，跳载弹播能够用到日常使用OA的下不可损失版卖返还有七百的大地。这里的完整流程，每一轮节目在用户值计算上下指标保存、自动装修等等。用户输入坚持如门ter决定如实预测便利店的成增长也有。还有就是稍微你再回一下，我跟个人幼儿旅游，然后就晚上喝一点，现在陪你聊聊聊后期那出来了。嗯，评委，谢谢评委，那个指标不断上涨，到现在好几个了。喂，喂，在在吗吗？为oo华为、华为，还有那个我现在一主使用上述含糖量上上五理网上上主使使用摩模特的十三三每日飞出度全数量比十及零度五度，实验指升相米原c度点三美纹模型DC提升百分之四点三二IVU提升百分之五点一六。 I天d九五明显降低飞割精度增源爆滑度，全面优于优化。两个网络消融实验证明自己改进有效达成率。四组对照实验充合的电量，只改注意力模块。实验比一、原使优难者和注意力原显两个五，每每分最低为注力指标一千二优慢左三问题有。 单独通道记忆力CCMM三十四图等CM三六站子加自动识别SAM全功能调合十f四c三加完整CCDSM四到三十个指标。 B优十对单独一种记忆力提升有限车通道，结合全部做好运行超声测试全的改进。每次人增加功能，实验论文加分和合理的CAM.这里对热力图强部提车站、结节、区域车停测车自动识别车道，不次随机预测，全部自动量化根度输车、自动人车、自动识节。四、自动静加识节，正常件正感应。第三d输出临床加速测试和下不可能是了。因为他自己跟你走的时候，答辩是那也没开卷考试，可以帮你输掉，去去掉找机加使用。我们想到温场桥上有文本向量化输入到这个位置来，请标倒贴后期换成上面就可以了，是吧？当要不要教大家当粉丝，现在是的，中国想跟你小姐姐完全不同，是来说话不合损失后更好。希望是啊就是数据过大训练漏水啊，世界真的无法说明啊，相机是嗯一点四后三点五百二无线负心器设备。对特殊的对对他吧。八十多说实话，我是要嗯把心扎住边缘更高，我也的心格上不去，后期很么服啊，来到掌握三十五秒，无在展握所我我们单一只有十三四度时，大半厘米线空向相连在一起的。今天通过下面速度时半三模指三分度加大大，但是无法直接降到到五到三四倍到三十五十、三十之十到十十十十者通速速的工作，未来展望被吸作中多出视业状态，空接加生现十的方法能力加入现代化工作，加生现面的作作和随现有机上面四四倍和随常呼母网络在某个速度上增加，直接三十五十五十时大十十十度十到五十三四倍。超声噪声吧。在今天然后那个同的是不是解决深存问题，要能敏远的效果差尽来。记得拍过一下，我在深度的增加和形特人强调孩子的时候，实验电子行和证明真的更高。高人十年自女人串联两天有效，请那给天鹅医疗产品盘显示，我也是理发精吧。我们用老贝的喜欢你see o这样下啊来了，而偏杠偏嗯，对你弄吗？在弄吗？直播间的人个关的这个工作，就是在这个说一下，我们他了解嗯他大术在什么话术？在嗯他我我这个这个hello打开了头花是杨花，然后医补医疗，我找个眼爷数尽量好一题。

[矫正Agent] 正在调用大模型做终极文本矫正...
[矫正Agent] 正在加载Whisper错字矫正模型...
[矫正Agent] Whisper矫正跳过：An error happened while trying to locate the file on the Hub and we cannot find the requested files in the local cache. Please check your connection and try again or make sure your Internet connection is on.
[分段1] 基础识别完成
[矫正Agent] 正在加载Whisper错字矫正模型...
[矫正Agent] Whisper矫正跳过：An error happened while trying to locate the file on the Hub and we cannot find the requested files in the local cache. Please check your connection and try again or make sure your Internet connection is on.
[分段2] 基础识别完成
[矫正Agent] 正在加载Whisper错字矫正模型...
[矫正Agent] Whisper矫正跳过：(MaxRetryError("HTTPSConnectionPool(host='hf-mirror.com', port=443): Max retries exceeded with url: /api/models/Systran/faster-whisper-small/revision/main (Caused by ProxyError('Unable to connect to proxy', RemoteDisconnected('Remote end closed connection without response')))"), '(Request ID: e39c76bb-8fe5-4c23-9a59-f6a4b189ead1)')
[分段3] 基础识别完成
[矫正Agent] 正在加载Whisper错字矫正模型...
[矫正Agent] Whisper矫正跳过：(MaxRetryError("HTTPSConnectionPool(host='hf-mirror.com', port=443): Max retries exceeded with url: /api/models/Systran/faster-whisper-small/revision/main (Caused by SSLError(SSLZeroReturnError(6, 'TLS/SSL connection has been closed (EOF) (_ssl.c:1147)')))"), '(Request ID: 4040b0f6-922e-4ab6-98df-23465f53bd15)')
[分段4] 基础识别完成

[矫正Agent] 原始识别文本：
对模心基行价值和和全全约束束医作作用，有点让让导劳动分节节AA始u结节节节差区降低动力阻阻力降成的结结论。作区区降不不化，战下率率成成NBBN结结轮廓形形形结甲状性超声作作，自动动动形颈，多节节节轮廓，原时自动自节节节超距区短进降低动动化阻降降低斗水概率。核心注意力，核心作力点在UNT超越核心注意统加入，让我过去理解是要我们你没也看看吗？他没什么呢LCD现在的不高点，二零二零好的啊，本质反复猜词，配合注意力，同时优化能过遮挡、挡挡末尾尾汇，让让模型测测降温下后glose的调整参数，抑制超声、噪声，聚焦结果数十亿迭代后模型反要缩进入大的模式。你知道你好，这道的他模型逐现的完全没是夸拉当弄处。据准备原则，拉机器拉圾复合体。是啊，我也解决疫向增加背景多，我型做像素少证不下来，就有如有信号的问题。如果加入人类的太多的东西啊，这是然后那你说说实话，解决一条事，谢谢关注注，不要。那我们现在颜册怎么解释的？文文聊天使用吃饭。对，但是我整体这样流程核心阶段，它分完成为最高功率不到七少阶段。涂下用水理燃量情况下为止，十四g加六个加六块国型的通用语言组合范围知属位和国际的卫生线源码标注改进ATA来来来了星net训练，然后工程不用傻逼的成绩，天天会自动吃饭。这里从专业是这里还需要多心。现在有来两位觉得我要谢谢。没有没有谁按环境太低点，我们先标准，这要做对内电环境是比较这种，我觉得我好的有的业了。嗯，IT这个这是一张。好的好，我知道什么大哥加上二没有，你也买了啊，自己选儿子，儿子没有一会情况学习，十五岁和成经市察主官主军。那我说拿出来去的就是过去玩境环境，我告诉你们还得三天干不行，放假还上午二点。对对对，哪里还这你的导演人的好，有必要，谢谢。关注。收到我估计他应该说等一下，从没进去，我也很欣慰。 Pl幺零年轻的菠萝蜜害怕不用去，呃，我太差了。然后对呀，是的，核心应该来问我，谢谢。点亮，我就来一个。对啊呀，好了，还要重，就没有事态，为啥么？我们没没有有啊走起来我刚到来，小姐，你多谢全过程笔机对这自己选择，想要公开免费数据集，谢谢器人在公安安健健康生啊，小姐姐啊，应该是这都是的。开源无隐私风险，无需这些医院无需人脸审批，图片全部为临床病史，在状状现有拆测。下午是妹是下午三点，呃，但是收拾重点超声，特有大量斑点、噪声，所有干扰模型训练，我还是打的这张抖音有黑v的都已经完好。部分图片无结节，画面模糊，需要清洗分可图下入输，必须道确的，可以去州里面拍点图片多余文于背景区域赶出盐哦。大家口三到五米，就是上边一波向道，正点不用高速，不用高速。再另外也可以这样写的，我现在方k然后再放置圆二乘以二看不倒数，呃，吃不完了，植物大战返回到正们大大数市，这是一个对对对看再看我要新受点什么活动。 应分代码支持问题搜询加注流程。四、打开logo me使用双边形数据当选，每一张图片都要假装限制。图二保存兼行，加注文件进行转换。脚本内有要先生文件在在个先度文码m二二图填码码图填接去去加一图，等于二兼顾问题，取消自由销后根缘。通常反映物体通过自发取鞋中的住院物流数据最强方案，离子医疗数据架小问题解决，日长水平宽远，小小度长远，正常有十五厘米。请问前机平局说话像速增墙，为什么纤科治疗度调节下方高速要车，对不给那个配合？豆荚螺型可以用CLT的MIT提升小q道规车的大小，一个还子文本商上化这个小凉瓶阿辣么小，对对，几个比要提欢单身床的这个缺点，我有点编码加解码，工程结构。前后前方文档，前头圆耳生成打案，连接配你融合式答案。对程确也可以兼容我，我不道道，我去重新确定我们重新这行筛选。那么yeah会把超声的噪声特征容易学习阿尔卑比小金。那不可能不是我没有介绍一油，那我怎么事这边嗯，你还有没有不会不会呀？不会分为两个模块概念的概念，错一看不到兄弟在幼儿儿园上，我三点钟到公公司，怎么叫他呢？听到拉低无用闹钟，听到了很重啊。二、多中空间注意力下，m目，因为你们俩就直接进来朋友点尾点到播心，重点关注。接着去一句话跟主播又用一个级别发完了，我知道这上是三三二十二，说死了，聚焦聚焦。对对对啊，默气残差而不是完整。我想感觉方式，我想感动感动未来的主动，再每一层漂远的就是都入湿面，但是我不来不要太难受了，多加油。现在的状个经济还加之少在算入加快。哎呀，直接拉倒了，这是是一个改动小效果，一些费用充买一下发票。对对对，我们也是吃韩束小棕瓶，为什么不要？然后照上很多次啊，当所有的会加速的速价，都就是我直接好好下个图，减少左右甲状线。敲开以后折折纸菜好的，跟小姨购买的，主要可可点加速极度哦。我们站在高坡上模型舞蹈学习配酒，直接回掉小兵道，规范任务学习困难，知知道画面模样首的目标，这是测价方案，绝对有阅历几何增强水平，翻转小角度旋转正负四五双作架构图，五六六八八正常纤维大度调节常量高速大升。独特的香糕。好的，没有没有等一等我也没有人。大家如果呃多少买我啊，嗯快索儿歌没事儿，不知道到幺三零八九欧莱雅化妆品再加热面温。只要是能在那个，我说咱们现在完注十三到二十二，早穿了二三三四。今天晚上前码那个汇个早上那个早上点，我是樱花花姐，奥特人耀可以，然后呢啊好且核生眼镜力和生成有度过征缺点，一与注意力筛减，会把超声噪声调征一度对微小直接发射输度时容易出现黑色信息。二DNM注意技术原理CDNM注入两个模态，看n物一增到注意力与CNM三九图面。二、通升注意力压低能片放升突射输入。二、通过注意力SNM注意图片中五、结节通道的图片位置，让模清息重击关键计划。 Dnm发生图片输送，忽略超声噪声致死，增加记忆力。二、核心远离方式进行改造，突量感变的图态嗯。 在每一个开业眼镜中，在入的CPA模台，让开会人进少十播通作，经过注意筛选之后，再送入上海样天猫网络改多少，效果很显提升。一个选择笔记为行，直用普通招叉商回哥达张线成开启回播，直接主战，等待不断很小。一个呃前景上入直播，普通招叉商通到请目的信息，直接忽略小密照、灰哥，结果程度等等，不分损失。损合第次的只专门专门全景截屏和标签的重合度四倍。小蜜标回哥夸张，落实家居简单背景样本，权重聚焦男飞割的微小结晶，你选择的三大评价的指标，金老板吗？你倒是第一次欺负我，我们来衡量衡量跟他去啊，到现在成州的话是成功了，越高越好。学上啊k我有第二次加密码，这个交急与电级，以及包括开发信息，增加整体分车进度。然后HD九五对奥特曼斯玩具出来了，红娘多能量非常二零零六，还真是能够的浏览器的人没有有为是LU越高啊，基本上MAP五零还是九点三十五，九点三十五，现在拍单数都是想笑。那他那个呢十二十二瓶吃辣椒来个天当确定延迟后啊。对对，这个啊你喜欢看这个塞纳等一下子，然后呢，先回来。对对对，以以可以了，可能绿色我知道是那大家在吗？把开关了，可以骗人。哎呦呦，张猛不要着急，这时候跟大专河南中学这关经记外卖来天气直y安北高铁高庆庆啊不在原告人所在，请的没候这的这个的个的的一下接近边缘就光满了，觉得对个GDM那个衡量绿色飞车区域去不了程么？程度啊越该就好。然后江苏成么天科家具已经没有在到这里。比如说他就是我能大量的嗯，我们可以调准买h四九五好做不做任务，咱们俩会说什么多一个的电影杀声音的效果，直接变得越这个内比关说的话来吧，训练成净化助手模型推理。什么是推理？训练完成后，模型对外计练训练流程下载数据集与测定基出确定模是运行支持下载、转播，指到运作日常时合约的计算库存损失返掉场约一往上推理的完整流程。每一年节内在验证及计算三项指标保存费用，完成改动用户输入停时轮稳、稳整、平稳。初次预测便利店即标解锁。前期初次生成操作，转速下降、调整以及各速缓慢碎检小结节逐渐可以完成整理，后期公测终于平稳趋于平稳指标不断下达，逐步训练好几后后测验测验验，按完完整成后完整代码使验使用网上网上使用耐耐CT加加增原u耐t实达标标。相比原生中耐特实验模型DC提升百分之四点三二LOU频率百分之五点一六，白天率九五明显降低分割精度，边源光滑度全面优于另外两个网络消融实验证明自己改进有效达辩率。四组对照实验综合原耐特原成之五点一六，实验阻一原始u奈特和注意力原始最低标、最低指标实验二u奈t加。 单独通道注意力c然后小程序提感飞持实验组三中难组将空间注意力SAAM小红车实验数据用难组加完整CBOM通道区势指标密优，绝对单独一种注意力提升有限，实双通道结合，才能做好日视超声、噪声实验组成要小。这里作为各加功能实验识别噪声效率的CAM.这里颗粒组全部集中在结节区域交集测试真的识别签道不适，随机预测结节，自动实量化，实节飞车掩码轮廓自动识别、自动计算结节正常，见不反应，提交面积，输出临床三入数据项目可能积划了说把自己真实的问题来变形了。那批开学模试不行，可以帮你问少塑塑料的低加使用。当是我们达到文档切换文本向量化存入到结决进来指标照片弄完了，后续换成双边滤波节。对吧为什么当杰匪只要叫他当粉丝的嗯，训练出来风格很显身，小姐节完全会不得出来更换复合损失后正常。对对对，你下次他学习率数据过大，训练漏水，世界真的无法收敛。上帝是对对对嗯，一会儿呢在四后收点物品四百二十三次了，主要是无险机器设备，哥两个做的有大的双成，或者除了的话是要掌心飘过，边缘粗糙模型根度上不去什么面书啊，你在冒什么关闭音下，今天有点早了，两个人就已旦，一只有公开。是的，你爸爸的母亲这个啊咱俩在一起的，今天听哥刷礼物就一了。三模型参数量较大，暂使用卡直接二到五动，我任务装饰美容师这样子，交友药物员抓了，在照顾啊一个月。好的好的，我我知道了什么？那你是这样的，我差身高的情况，未来展望我后续看看声音。你好，手机提升模球方法能力，加入现代化机构，培养生活模式。墨水就现手手机上次设那个仍在互联网络，在非基础上增加好程序。姐姐，如果现在拿的的话，现在购买对这里又要我们智能体音知道。那我是一个公司。如果他是梦呢嗯超声造成了小精天来后车行业痛点解决生存问题，让人生展的效果差，尽量传播拓展传播自源AMQOD深度增强了所有新闻相见的问题。实验规比实验证明注据实验证明，重据实验改进有效冷战的实成质疗场景、环景相业、通文文化解决问题COV杠COVSOPPPPNNPN嗯，祝你吃小瓜加l,弥补医疗转了你数据量少问题。

[矫正Agent] 正在调用大模型做终极文本矫正...
INFO:     127.0.0.1:55594 - "POST /api/morning-reading-audio HTTP/1.1" 200 OK
